<?xml version="1.0" encoding="UTF-8"?>
<!-- Generated by org.testng.reporters.JUnitXMLReporter -->
<testsuite ignored="3" hostname="DESKTOP-ITILOB1" failures="1" tests="1" name="Default test(failed)" time="6.397" errors="0" timestamp="2023-06-12T08:59:01 IST">
  <testcase classname="TestScenarios.Admin" name="FileUpload" time="0.014">
    <failure type="java.lang.AssertionError" message="expected [false] but found [true]">
      <![CDATA[java.lang.AssertionError: expected [false] but found [true]
at TestScenarios.Admin.FileUpload(Admin.java:58)
at java.base/java.util.ArrayList.forEach(ArrayList.java:1511)
... Removed 33 stack frames]]>
    </failure>
  </testcase> <!-- FileUpload -->
  <testcase classname="TestScenarios.Admin" name="UserManagement" time="0.0">
    <ignored/>
  </testcase> <!-- UserManagement -->
  <testcase classname="TestScenarios.Admin" name="MR2MR3Configuration" time="0.0">
    <ignored/>
  </testcase> <!-- MR2MR3Configuration -->
  <testcase classname="TestScenarios.Admin" name="CopySerivceConfirmation" time="0.0">
    <ignored/>
  </testcase> <!-- CopySerivceConfirmation -->
</testsuite> <!-- Default test(failed) -->
