<?xml version="1.0" encoding="UTF-8"?>
<!-- Generated by org.testng.reporters.JUnitXMLReporter -->
<testsuite ignored="4" hostname="DESKTOP-ITILOB1" failures="0" tests="1" name="Test" time="57.483" errors="0" timestamp="2023-07-24T11:29:10 IST">
  <testcase classname="testScenarios.Ts_DashBoard" name="Dashboard_TC_02_Validate_UserIs_Able_To_CloseAll_Frames_In_DashBoard" time="49.54"/>
  <testcase classname="testScenarios.Ts_DashBoard" name="Dashboard_TC_01_Validate_UserIs_Able_To_View_Sections_In_DashBoard" time="0.0">
    <ignored/>
  </testcase> <!-- Dashboard_TC_01_Validate_UserIs_Able_To_View_Sections_In_DashBoard -->
  <testcase classname="testScenarios.Ts_DashBoard" name="Dashboard_TC_05_Validate_RG_Result_are_Displayed_Under_RequestGroup_Section" time="0.0">
    <ignored/>
  </testcase> <!-- Dashboard_TC_05_Validate_RG_Result_are_Displayed_Under_RequestGroup_Section -->
  <testcase classname="testScenarios.Ts_DashBoard" name="Dashboard_TC_03_Validate_UserIs_Able_Expand_And_View_Headers_Under_RequestGroup_Section" time="0.0">
    <ignored/>
  </testcase> <!-- Dashboard_TC_03_Validate_UserIs_Able_Expand_And_View_Headers_Under_RequestGroup_Section -->
  <testcase classname="testScenarios.Ts_DashBoard" name="Dashboard_TC_04_Validate_UserIs_Able_Expand_And_View_Headers_Under_TeamMembers_Section" time="0.0">
    <ignored/>
  </testcase> <!-- Dashboard_TC_04_Validate_UserIs_Able_Expand_And_View_Headers_Under_TeamMembers_Section -->
</testsuite> <!-- Test -->
